00000000000000000
01000000000000000
10110000000000000
10110000000000000
10110000000000000
10110000000000000
10110000000000000
10110010000000000
10110100000000000
00000000000000001
01000000000000000
01000000000000000
01000000000000000
01000000000000000
01000000000000000
01000000000000000
01000000000000000
01000000000000000
01000000000000000
01000000000000000
01000000000000000
01000000000000000
10100000000000000
10100000000000000
10100000000000010
10100000000000100
10100000000000110
10100000000000110
10100000000010110
10100000000100110
10100000000100110
10100000000100110
10100010000100110
00100010000100110
01000000000000000
01000000000000000
01000000000000000
01000000000000000
