00000000000000000
01000000000000000
10010000000000000
10010000000000000
10010000000000000
10010000000000000
10010000000000000
00000000000000000
01000000000000000
01000000000000000
01000000000000000
01000000000000000
01000000000000000
10100000000000000
10100000000000000
10100000000000000
10100000000010000
10100000000010000
10100000000010000
00000000000000000
01000000000000000
01000000000000000
01000000000000000
01000000000000000
10010000000000000
10010000000000000
10010000000000000
10010000000000000
10010000000000000
00000000000000000
01000000000000000
01000000000000000
01000000000000000
01000000000000000
01000000000000000
10100000000000000
10100000000000000
10100000000000000
10100000000010000
10100000000100000
10100000000100000
10100000000100000
00000000000000000
01000000000000000
01000000000000000
01000000000000000
10110000000000000
10110000000000000
10110000000000000
